[MinimaxTest.lay]
MINIMAX\1=452
MINIMAX\2=452

[RushTest.lay]
KEYBOARD\1=-514
KEYBOARD\10=-574
KEYBOARD\2=-514
KEYBOARD\3=-516
KEYBOARD\4=-516
KEYBOARD\5=-516
KEYBOARD\6=-516
KEYBOARD\7=-516
KEYBOARD\8=-528
KEYBOARD\9=-531
LEARNING\1=-528

[Tonel.lay]
KEYBOARD\1=-490
KEYBOARD\10=-503
KEYBOARD\2=-501
KEYBOARD\3=-501
KEYBOARD\4=-501
KEYBOARD\5=-501
KEYBOARD\6=-501
KEYBOARD\7=-501
KEYBOARD\8=-503
KEYBOARD\9=-503

[ghostTest.lay]
KEYBOARD\1=-525
KEYBOARD\2=-534

[mediumClassic.lay]
EXPECTIMAX\1=1857
EXPECTIMAX\2=855
EXPECTIMAX\3=639
EXPECTIMAX\4=197
EXPECTIMAX\5=61
KEYBOARD\1=356
KEYBOARD\10=-494
KEYBOARD\2=8
KEYBOARD\3=-196
KEYBOARD\4=-222
KEYBOARD\5=-234
KEYBOARD\6=-236
KEYBOARD\7=-439
KEYBOARD\8=-465
KEYBOARD\9=-484
LEARNING\1=1481
LEARNING\10=1285
LEARNING\2=1480
LEARNING\3=1295
LEARNING\4=1293
LEARNING\5=1291
LEARNING\6=1291
LEARNING\7=1290
LEARNING\8=1286
LEARNING\9=1286
MINIMAX\1=2078
MINIMAX\10=1636
MINIMAX\2=1882
MINIMAX\3=1880
MINIMAX\4=1880
MINIMAX\5=1875
MINIMAX\6=1866
MINIMAX\7=1852
MINIMAX\8=1676
MINIMAX\9=1657

[myTest.lay]
KEYBOARD\1=-405
KEYBOARD\10=-435
KEYBOARD\2=-410
KEYBOARD\3=-424
KEYBOARD\4=-424
KEYBOARD\5=-427
KEYBOARD\6=-428
KEYBOARD\7=-429
KEYBOARD\8=-430
KEYBOARD\9=-431
LEARNING\1=654
LEARNING\10=-342
LEARNING\2=654
LEARNING\3=645
LEARNING\4=643
LEARNING\5=643
LEARNING\6=631
LEARNING\7=631
LEARNING\8=629
LEARNING\9=625
MINIMAX\1=610

[originalClassic.lay]
KEYBOARD\1=889
KEYBOARD\10=-325
KEYBOARD\2=829
KEYBOARD\3=610
KEYBOARD\4=502
KEYBOARD\5=179
KEYBOARD\6=98
KEYBOARD\7=-99
KEYBOARD\8=-246
KEYBOARD\9=-299
LEARNING\1=2457
LEARNING\10=1520
LEARNING\2=2450
LEARNING\3=2051
LEARNING\4=1800
LEARNING\5=1627
LEARNING\6=1620
LEARNING\7=1618
LEARNING\8=1568
LEARNING\9=1523
MINIMAX\1=1812
MINIMAX\2=1754
MINIMAX\3=1621
MINIMAX\4=605

[other.lay]
KEYBOARD\1=-503
KEYBOARD\2=-504
KEYBOARD\3=-505
LEARNING\1=511
LEARNING\2=510
LEARNING\3=510
LEARNING\4=509
LEARNING\5=505
LEARNING\6=-498
MINIMAX\1=507
MINIMAX\10=-494
MINIMAX\2=506
MINIMAX\3=503
MINIMAX\4=500
MINIMAX\5=498
MINIMAX\6=488
MINIMAX\7=463
MINIMAX\8=-490
MINIMAX\9=-492

[smallClassic.lay]
LEARNING\1=986
LEARNING\10=941
LEARNING\2=983
LEARNING\3=983
LEARNING\4=983
LEARNING\5=983
LEARNING\6=970
LEARNING\7=970
LEARNING\8=961
LEARNING\9=954
MINIMAX\1=1353
MINIMAX\10=979
MINIMAX\2=1344
MINIMAX\3=1176
MINIMAX\4=1166
MINIMAX\5=1149
MINIMAX\6=1143
MINIMAX\7=984
MINIMAX\8=983
MINIMAX\9=979

[smallGrid.lay]
LEARNING\1=507
LEARNING\2=507
LEARNING\3=507
LEARNING\4=507
LEARNING\5=507
MINIMAX\1=507
MINIMAX\2=507
MINIMAX\3=507
MINIMAX\4=507
MINIMAX\5=507

[stupid.lay]
KEYBOARD\1=928
KEYBOARD\2=779
LEARNING\1=1103
